<?xml version="1.0" encoding="UTF-8"?>
<!-- Generated by org.testng.reporters.JUnitReportReporter -->
<testsuite hostname="DESKTOP-LG2LKO2" failures="0" tests="1" name="exceldrivenapi.Apiexceldatadriven" time="3.633" errors="0" timestamp="2020-06-05T11:23:38 IST" skipped="0">
  <testcase classname="exceldrivenapi.Apiexceldatadriven" name="addBook" time="3.633"/>
</testsuite> <!-- exceldrivenapi.Apiexceldatadriven -->
